# JRE version: OpenJDK Runtime Environment Temurin-21.0.12.1+1 (21.0.12.1+1) (build 21.0.12.1+1-LTS)
# Java VM: OpenJDK 64-Bit Server VM Temurin-21.0.12.1+1 (21.0.12.1+1-LTS, mixed mode, sharing, tiered, compressed oops, compressed class ptrs, parallel gc, windows-amd64)
GC Precious Log:
 CardTable entry size: 512
 CPUs: 12 total, 12 available
 Memory: 16013M
 Large Page Support: Disabled
 NUMA Support: Disabled
 Compressed Oops: Enabled (32-bit)
 Alignments: Space 512K, Generation 512K, Heap 2M
 Heap Min Capacity: 100M
 Heap Initial Capacity: 100M
 Heap Max Capacity: 2G
 Pre-touch: Disabled
 Parallel Workers: 10
Heap:
 PSYoungGen      total 3072K, used 1003K [0x00000000d5580000, 0x00000000d5a00000, 0x0000000100000000)
  eden space 2560K, 32% used [0x00000000d5580000,0x00000000d5652e88,0x00000000d5800000)
  from space 512K, 31% used [0x00000000d5980000,0x00000000d59a8000,0x00000000d5a00000)
  to   space 512K, 0% used [0x00000000d5900000,0x00000000d5900000,0x00000000d5980000)
 ParOldGen       total 199168K, used 198872K [0x0000000080000000, 0x000000008c280000, 0x00000000d5580000)
  object space 199168K, 99% used [0x0000000080000000,0x000000008c236200,0x000000008c280000)
 Metaspace       used 70608K, committed 72256K, reserved 1114112K
  class space    used 7161K, committed 8000K, reserved 1048576K
GC Heap History (20 events):
Event: 3604.780 GC heap before
{Heap before GC invocations=82432 (full 49):
 PSYoungGen      total 4608K, used 4607K [0x00000000d5580000, 0x00000000d5c80000, 0x0000000100000000)
  eden space 3072K, 99% used [0x00000000d5580000,0x00000000d587fff0,0x00000000d5880000)
  from space 1536K, 100% used [0x00000000d5880000,0x00000000d5a00000,0x00000000d5a00000)
  to   space 2048K, 0% used [0x00000000d5a80000,0x00000000d5a80000,0x00000000d5c80000)
 ParOldGen       total 194048K, used 193599K [0x0000000080000000, 0x000000008bd80000, 0x00000000d5580000)
  object space 194048K, 99% used [0x0000000080000000,0x000000008bd0ff08,0x000000008bd80000)
 Metaspace       used 70607K, committed 72256K, reserved 1114112K
  class space    used 7161K, committed 8000K, reserved 1048576K
}
Event: 3604.783 GC heap after
{Heap after GC invocations=82432 (full 49):
 PSYoungGen      total 4608K, used 1152K [0x00000000d5580000, 0x00000000d5c00000, 0x0000000100000000)
  eden space 3072K, 0% used [0x00000000d5580000,0x00000000d5580000,0x00000000d5880000)
  from space 1536K, 75% used [0x00000000d5a80000,0x00000000d5ba0000,0x00000000d5c00000)
  to   space 1536K, 0% used [0x00000000d5880000,0x00000000d5880000,0x00000000d5a00000)
 ParOldGen       total 195072K, used 194983K [0x0000000080000000, 0x000000008be80000, 0x00000000d5580000)
  object space 195072K, 99% used [0x0000000080000000,0x000000008be69f08,0x000000008be80000)
 Metaspace       used 70607K, committed 72256K, reserved 1114112K
  class space    used 7161K, committed 8000K, reserved 1048576K
}
Event: 3604.832 GC heap before
{Heap before GC invocations=82433 (full 49):
 PSYoungGen      total 4608K, used 4223K [0x00000000d5580000, 0x00000000d5c00000, 0x0000000100000000)
  eden space 3072K, 99% used [0x00000000d5580000,0x00000000d587fff8,0x00000000d5880000)
  from space 1536K, 75% used [0x00000000d5a80000,0x00000000d5ba0000,0x00000000d5c00000)
  to   space 1536K, 0% used [0x00000000d5880000,0x00000000d5880000,0x00000000d5a00000)
 ParOldGen       total 195072K, used 194983K [0x0000000080000000, 0x000000008be80000, 0x00000000d5580000)
  object space 195072K, 99% used [0x0000000080000000,0x000000008be69f08,0x000000008be80000)
 Metaspace       used 70607K, committed 72256K, reserved 1114112K
  class space    used 7161K, committed 8000K, reserved 1048576K
}
Event: 3604.834 GC heap after
{Heap after GC invocations=82433 (full 49):
 PSYoungGen      total 4608K, used 452K [0x00000000d5580000, 0x00000000d5b00000, 0x0000000100000000)
  eden space 3072K, 0% used [0x00000000d5580000,0x00000000d5580000,0x00000000d5880000)
  from space 1536K, 29% used [0x00000000d5880000,0x00000000d58f1330,0x00000000d5a00000)
  to   space 1024K, 0% used [0x00000000d5a00000,0x00000000d5a00000,0x00000000d5b00000)
 ParOldGen       total 196096K, used 196022K [0x0000000080000000, 0x000000008bf80000, 0x00000000d5580000)
  object space 196096K, 99% used [0x0000000080000000,0x000000008bf6d948,0x000000008bf80000)
 Metaspace       used 70607K, committed 72256K, reserved 1114112K
  class space    used 7161K, committed 8000K, reserved 1048576K
}
Event: 3604.849 GC heap before
{Heap before GC invocations=82434 (full 49):
 PSYoungGen      total 4608K, used 3391K [0x00000000d5580000, 0x00000000d5b00000, 0x0000000100000000)
  eden space 3072K, 95% used [0x00000000d5580000,0x00000000d585eaf8,0x00000000d5880000)
  from space 1536K, 29% used [0x00000000d5880000,0x00000000d58f1330,0x00000000d5a00000)
  to   space 1024K, 0% used [0x00000000d5a00000,0x00000000d5a00000,0x00000000d5b00000)
 ParOldGen       total 196096K, used 196022K [0x0000000080000000, 0x000000008bf80000, 0x00000000d5580000)
  object space 196096K, 99% used [0x0000000080000000,0x000000008bf6d948,0x000000008bf80000)
 Metaspace       used 70607K, committed 72256K, reserved 1114112K
  class space    used 7161K, committed 8000K, reserved 1048576K
}
Event: 3604.851 GC heap after
{Heap after GC invocations=82434 (full 49):
 PSYoungGen      total 3584K, used 1024K [0x00000000d5580000, 0x00000000d5c80000, 0x0000000100000000)
  eden space 2560K, 0% used [0x00000000d5580000,0x00000000d5580000,0x00000000d5800000)
  from space 1024K, 100% used [0x00000000d5a00000,0x00000000d5b00000,0x00000000d5b00000)
  to   space 2048K, 0% used [0x00000000d5800000,0x00000000d5800000,0x00000000d5a00000)
 ParOldGen       total 197120K, used 196652K [0x0000000080000000, 0x000000008c080000, 0x00000000d5580000)
  object space 197120K, 99% used [0x0000000080000000,0x000000008c00b318,0x000000008c080000)
 Metaspace       used 70607K, committed 72256K, reserved 1114112K
  class space    used 7161K, committed 8000K, reserved 1048576K
}
Event: 3604.863 GC heap before
{Heap before GC invocations=82435 (full 49):
 PSYoungGen      total 3584K, used 3583K [0x00000000d5580000, 0x00000000d5c80000, 0x0000000100000000)
  eden space 2560K, 99% used [0x00000000d5580000,0x00000000d57fff68,0x00000000d5800000)
  from space 1024K, 100% used [0x00000000d5a00000,0x00000000d5b00000,0x00000000d5b00000)
  to   space 2048K, 0% used [0x00000000d5800000,0x00000000d5800000,0x00000000d5a00000)
 ParOldGen       total 197120K, used 196652K [0x0000000080000000, 0x000000008c080000, 0x00000000d5580000)
  object space 197120K, 99% used [0x0000000080000000,0x000000008c00b318,0x000000008c080000)
 Metaspace       used 70608K, committed 72256K, reserved 1114112K
  class space    used 7161K, committed 8000K, reserved 1048576K
}
Event: 3604.864 GC heap after
{Heap after GC invocations=82435 (full 49):
 PSYoungGen      total 4096K, used 1467K [0x00000000d5580000, 0x00000000d5b00000, 0x0000000100000000)
  eden space 2560K, 0% used [0x00000000d5580000,0x00000000d5580000,0x00000000d5800000)
  from space 1536K, 95% used [0x00000000d5800000,0x00000000d596eee8,0x00000000d5980000)
  to   space 1536K, 0% used [0x00000000d5980000,0x00000000d5980000,0x00000000d5b00000)
 ParOldGen       total 197632K, used 197628K [0x0000000080000000, 0x000000008c100000, 0x00000000d5580000)
  object space 197632K, 99% used [0x0000000080000000,0x000000008c0ff318,0x000000008c100000)
 Metaspace       used 70608K, committed 72256K, reserved 1114112K
  class space    used 7161K, committed 8000K, reserved 1048576K
}
Event: 3604.888 GC heap before
{Heap before GC invocations=82436 (full 49):
 PSYoungGen      total 4096K, used 4027K [0x00000000d5580000, 0x00000000d5b00000, 0x0000000100000000)
  eden space 2560K, 100% used [0x00000000d5580000,0x00000000d5800000,0x00000000d5800000)
  from space 1536K, 95% used [0x00000000d5800000,0x00000000d596eee8,0x00000000d5980000)
  to   space 1536K, 0% used [0x00000000d5980000,0x00000000d5980000,0x00000000d5b00000)
 ParOldGen       total 197632K, used 197628K [0x0000000080000000, 0x000000008c100000, 0x00000000d5580000)
  object space 197632K, 99% used [0x0000000080000000,0x000000008c0ff318,0x000000008c100000)
 Metaspace       used 70608K, committed 72256K, reserved 1114112K
  class space    used 7161K, committed 8000K, reserved 1048576K
}
Event: 3604.890 GC heap after
{Heap after GC invocations=82436 (full 49):
 PSYoungGen      total 3072K, used 64K [0x00000000d5580000, 0x00000000d5a00000, 0x0000000100000000)
  eden space 2560K, 0% used [0x00000000d5580000,0x00000000d5580000,0x00000000d5800000)
  from space 512K, 12% used [0x00000000d5980000,0x00000000d5990000,0x00000000d5a00000)
  to   space 1024K, 0% used [0x00000000d5800000,0x00000000d5800000,0x00000000d5900000)
 ParOldGen       total 199168K, used 198872K [0x0000000080000000, 0x000000008c280000, 0x00000000d5580000)
  object space 199168K, 99% used [0x0000000080000000,0x000000008c236200,0x000000008c280000)
 Metaspace       used 70608K, committed 72256K, reserved 1114112K
  class space    used 7161K, committed 8000K, reserved 1048576K
}
Event: 3604.918 GC heap before
{Heap before GC invocations=82437 (full 49):
 PSYoungGen      total 3072K, used 2624K [0x00000000d5580000, 0x00000000d5a00000, 0x0000000100000000)
  eden space 2560K, 100% used [0x00000000d5580000,0x00000000d5800000,0x00000000d5800000)
  from space 512K, 12% used [0x00000000d5980000,0x00000000d5990000,0x00000000d5a00000)
  to   space 1024K, 0% used [0x00000000d5800000,0x00000000d5800000,0x00000000d5900000)
 ParOldGen       total 199168K, used 198872K [0x0000000080000000, 0x000000008c280000, 0x00000000d5580000)
  object space 199168K, 99% used [0x0000000080000000,0x000000008c236200,0x000000008c280000)
 Metaspace       used 70608K, committed 72256K, reserved 1114112K
  class space    used 7161K, committed 8000K, reserved 1048576K
}
Event: 3604.919 GC heap after
{Heap after GC invocations=82437 (full 49):
 PSYoungGen      total 3584K, used 192K [0x00000000d5580000, 0x00000000d5a00000, 0x0000000100000000)
  eden space 2560K, 0% used [0x00000000d5580000,0x00000000d5580000,0x00000000d5800000)
  from space 1024K, 18% used [0x00000000d5800000,0x00000000d5830000,0x00000000d5900000)
  to   space 512K, 0% used [0x00000000d5980000,0x00000000d5980000,0x00000000d5a00000)
 ParOldGen       total 199168K, used 198872K [0x0000000080000000, 0x000000008c280000, 0x00000000d5580000)
  object space 199168K, 99% used [0x0000000080000000,0x000000008c236200,0x000000008c280000)
 Metaspace       used 70608K, committed 72256K, reserved 1114112K
  class space    used 7161K, committed 8000K, reserved 1048576K
}
Event: 3604.940 GC heap before
{Heap before GC invocations=82438 (full 49):
 PSYoungGen      total 3584K, used 2752K [0x00000000d5580000, 0x00000000d5a00000, 0x0000000100000000)
  eden space 2560K, 100% used [0x00000000d5580000,0x00000000d5800000,0x00000000d5800000)
  from space 1024K, 18% used [0x00000000d5800000,0x00000000d5830000,0x00000000d5900000)
  to   space 512K, 0% used [0x00000000d5980000,0x00000000d5980000,0x00000000d5a00000)
 ParOldGen       total 199168K, used 198872K [0x0000000080000000, 0x000000008c280000, 0x00000000d5580000)
  object space 199168K, 99% used [0x0000000080000000,0x000000008c236200,0x000000008c280000)
 Metaspace       used 70608K, committed 72256K, reserved 1114112K
  class space    used 7161K, committed 8000K, reserved 1048576K
}
Event: 3604.941 GC heap after
{Heap after GC invocations=82438 (full 49):
 PSYoungGen      total 3072K, used 160K [0x00000000d5580000, 0x00000000d5a00000, 0x0000000100000000)
  eden space 2560K, 0% used [0x00000000d5580000,0x00000000d5580000,0x00000000d5800000)
  from space 512K, 31% used [0x00000000d5980000,0x00000000d59a8000,0x00000000d5a00000)
  to   space 512K, 0% used [0x00000000d5900000,0x00000000d5900000,0x00000000d5980000)
 ParOldGen       total 199168K, used 198872K [0x0000000080000000, 0x000000008c280000, 0x00000000d5580000)
  object space 199168K, 99% used [0x0000000080000000,0x000000008c236200,0x000000008c280000)
 Metaspace       used 70608K, committed 72256K, reserved 1114112K
  class space    used 7161K, committed 8000K, reserved 1048576K
}
Event: 3604.962 GC heap before
{Heap before GC invocations=82439 (full 49):
 PSYoungGen      total 3072K, used 2720K [0x00000000d5580000, 0x00000000d5a00000, 0x0000000100000000)
  eden space 2560K, 100% used [0x00000000d5580000,0x00000000d5800000,0x00000000d5800000)
  from space 512K, 31% used [0x00000000d5980000,0x00000000d59a8000,0x00000000d5a00000)
  to   space 512K, 0% used [0x00000000d5900000,0x00000000d5900000,0x00000000d5980000)
 ParOldGen       total 199168K, used 198872K [0x0000000080000000, 0x000000008c280000, 0x00000000d5580000)
  object space 199168K, 99% used [0x0000000080000000,0x000000008c236200,0x000000008c280000)
 Metaspace       used 70608K, committed 72256K, reserved 1114112K
  class space    used 7161K, committed 8000K, reserved 1048576K
}
Event: 3604.963 GC heap after
{Heap after GC invocations=82439 (full 49):
 PSYoungGen      total 3072K, used 64K [0x00000000d5580000, 0x00000000d5a00000, 0x0000000100000000)
  eden space 2560K, 0% used [0x00000000d5580000,0x00000000d5580000,0x00000000d5800000)
  from space 512K, 12% used [0x00000000d5900000,0x00000000d5910000,0x00000000d5980000)
  to   space 512K, 0% used [0x00000000d5980000,0x00000000d5980000,0x00000000d5a00000)
 ParOldGen       total 199168K, used 198872K [0x0000000080000000, 0x000000008c280000, 0x00000000d5580000)
  object space 199168K, 99% used [0x0000000080000000,0x000000008c236200,0x000000008c280000)
 Metaspace       used 70608K, committed 72256K, reserved 1114112K
  class space    used 7161K, committed 8000K, reserved 1048576K
}
Event: 3604.985 GC heap before
{Heap before GC invocations=82440 (full 49):
 PSYoungGen      total 3072K, used 2624K [0x00000000d5580000, 0x00000000d5a00000, 0x0000000100000000)
  eden space 2560K, 100% used [0x00000000d5580000,0x00000000d5800000,0x00000000d5800000)
  from space 512K, 12% used [0x00000000d5900000,0x00000000d5910000,0x00000000d5980000)
  to   space 512K, 0% used [0x00000000d5980000,0x00000000d5980000,0x00000000d5a00000)
 ParOldGen       total 199168K, used 198872K [0x0000000080000000, 0x000000008c280000, 0x00000000d5580000)
  object space 199168K, 99% used [0x0000000080000000,0x000000008c236200,0x000000008c280000)
 Metaspace       used 70608K, committed 72256K, reserved 1114112K
  class space    used 7161K, committed 8000K, reserved 1048576K
}
Event: 3604.986 GC heap after
{Heap after GC invocations=82440 (full 49):
 PSYoungGen      total 3072K, used 224K [0x00000000d5580000, 0x00000000d5a00000, 0x0000000100000000)
  eden space 2560K, 0% used [0x00000000d5580000,0x00000000d5580000,0x00000000d5800000)
  from space 512K, 43% used [0x00000000d5980000,0x00000000d59b8000,0x00000000d5a00000)
  to   space 512K, 0% used [0x00000000d5900000,0x00000000d5900000,0x00000000d5980000)
 ParOldGen       total 199168K, used 198872K [0x0000000080000000, 0x000000008c280000, 0x00000000d5580000)
  object space 199168K, 99% used [0x0000000080000000,0x000000008c236200,0x000000008c280000)
 Metaspace       used 70608K, committed 72256K, reserved 1114112K
  class space    used 7161K, committed 8000K, reserved 1048576K
}
Event: 3605.007 GC heap before
{Heap before GC invocations=82441 (full 49):
 PSYoungGen      total 3072K, used 2784K [0x00000000d5580000, 0x00000000d5a00000, 0x0000000100000000)
  eden space 2560K, 100% used [0x00000000d5580000,0x00000000d5800000,0x00000000d5800000)
  from space 512K, 43% used [0x00000000d5980000,0x00000000d59b8000,0x00000000d5a00000)
  to   space 512K, 0% used [0x00000000d5900000,0x00000000d5900000,0x00000000d5980000)
 ParOldGen       total 199168K, used 198872K [0x0000000080000000, 0x000000008c280000, 0x00000000d5580000)
  object space 199168K, 99% used [0x0000000080000000,0x000000008c236200,0x000000008c280000)
 Metaspace       used 70608K, committed 72256K, reserved 1114112K
  class space    used 7161K, committed 8000K, reserved 1048576K
}
Event: 3605.008 GC heap after
{Heap after GC invocations=82441 (full 49):
 PSYoungGen      total 3072K, used 160K [0x00000000d5580000, 0x00000000d5a00000, 0x0000000100000000)
  eden space 2560K, 0% used [0x00000000d5580000,0x00000000d5580000,0x00000000d5800000)
  from space 512K, 31% used [0x00000000d5900000,0x00000000d5928000,0x00000000d5980000)
  to   space 512K, 0% used [0x00000000d5980000,0x00000000d5980000,0x00000000d5a00000)
 ParOldGen       total 199168K, used 198872K [0x0000000080000000, 0x000000008c280000, 0x00000000d5580000)
  object space 199168K, 99% used [0x0000000080000000,0x000000008c236200,0x000000008c280000)
 Metaspace       used 70608K, committed 72256K, reserved 1114112K
  class space    used 7161K, committed 8000K, reserved 1048576K
}

